<?xml version="1.0"?>
<urlset xmlns="http://www.sitemaps.org/schemas/sitemap/0.9">
  <url>
    <loc>https://trescantosonline.com/</loc>
    <lastmod>2019-08-22T18:05:06.233Z</lastmod>
    <priority>0.5</priority>
  </url>
  <url>
    <loc>https://trescantosonline.com/inicio/feed/</loc>
    <lastmod>2019-08-22T18:05:06.233Z</lastmod>
    <priority>0.5</priority>
  </url>
  <url>
    <loc>https://trescantosonline.com/comments/feed/</loc>
    <lastmod>2019-08-22T18:05:06.233Z</lastmod>
    <priority>0.5</priority>
  </url>
  <url>
    <loc>https://trescantosonline.com/feed/</loc>
    <lastmod>2019-08-22T18:05:06.233Z</lastmod>
    <priority>0.5</priority>
  </url>

</urlset>